{"level":"error","message":"No token provided in request","timestamp":"2025-04-01T14:41:34.645Z"}
{"level":"error","message":"No token provided in request","timestamp":"2025-04-01T14:42:55.596Z"}
{"level":"error","message":"No token provided in request","timestamp":"2025-04-01T14:43:29.431Z"}
{"level":"error","message":"No token provided in request","timestamp":"2025-04-01T14:43:44.698Z"}
{"level":"error","message":"No token provided in request","timestamp":"2025-04-01T14:50:30.107Z"}
{"level":"error","message":"No token provided in request","timestamp":"2025-04-01T14:51:32.443Z"}
{"level":"error","message":"No token provided in request","timestamp":"2025-04-01T15:01:04.402Z"}
{"level":"error","message":"No token provided in request","timestamp":"2025-04-01T15:01:30.206Z"}
{"level":"error","message":"No token provided in request","timestamp":"2025-04-01T15:04:36.927Z"}
{"level":"error","message":"No token provided in request","timestamp":"2025-04-01T15:04:41.466Z"}
{"level":"error","message":"No token provided in request","timestamp":"2025-04-01T15:05:01.406Z"}
{"level":"error","message":"No token provided in request","timestamp":"2025-04-01T15:09:34.149Z"}
{"level":"error","message":"No token provided in request","timestamp":"2025-04-01T15:11:05.984Z"}
{"level":"error","message":"No token provided in request","timestamp":"2025-04-01T15:11:17.233Z"}
{"level":"error","message":"No token provided in request","timestamp":"2025-04-01T15:14:06.161Z"}
{"level":"error","message":"No token provided in request","timestamp":"2025-04-01T16:40:25.761Z"}
{"level":"error","message":"No token provided in request","timestamp":"2025-04-01T16:41:07.146Z"}
{"level":"error","message":"No token provided in request","timestamp":"2025-04-01T16:41:28.170Z"}
{"level":"error","message":"No token provided in request","timestamp":"2025-04-01T16:42:00.830Z"}
{"level":"error","message":"No token provided in request","timestamp":"2025-04-01T16:42:04.191Z"}
{"level":"error","message":"No token provided in request","timestamp":"2025-04-01T16:43:12.212Z"}
{"level":"error","message":"No token provided in request","timestamp":"2025-04-01T17:08:18.817Z"}
{"level":"error","message":"No token provided in request","timestamp":"2025-04-03T19:05:47.920Z"}
{"level":"error","message":"No token provided in request","timestamp":"2025-04-03T19:06:10.530Z"}
{"level":"error","message":"User not found for ID: undefined","timestamp":"2025-04-03T19:08:03.325Z"}
{"isOperational":true,"level":"error","message":"Token verification failed: User not found","stack":"Error: User not found\n    at protect (C:\\Users\\dell\\Desktop\\Ecommerce-app\\ecommerce-api\\src\\middlewares\\authMiddleware.js:30:23)\n    at process.processTicksAndRejections (node:internal/process/task_queues:105:5)","status":"fail","statusCode":401,"timestamp":"2025-04-03T19:08:03.327Z"}
{"level":"error","message":"Token verification failed: invalid signature","name":"JsonWebTokenError","stack":"JsonWebTokenError: invalid signature\n    at C:\\Users\\dell\\Desktop\\Ecommerce-app\\ecommerce-api\\node_modules\\jsonwebtoken\\verify.js:171:19\n    at getSecret (C:\\Users\\dell\\Desktop\\Ecommerce-app\\ecommerce-api\\node_modules\\jsonwebtoken\\verify.js:97:14)\n    at module.exports [as verify] (C:\\Users\\dell\\Desktop\\Ecommerce-app\\ecommerce-api\\node_modules\\jsonwebtoken\\verify.js:101:10)\n    at protect (C:\\Users\\dell\\Desktop\\Ecommerce-app\\ecommerce-api\\src\\middlewares\\authMiddleware.js:23:33)\n    at Layer.handle [as handle_request] (C:\\Users\\dell\\Desktop\\Ecommerce-app\\ecommerce-api\\node_modules\\express\\lib\\router\\layer.js:95:5)\n    at next (C:\\Users\\dell\\Desktop\\Ecommerce-app\\ecommerce-api\\node_modules\\express\\lib\\router\\route.js:149:13)\n    at Route.dispatch (C:\\Users\\dell\\Desktop\\Ecommerce-app\\ecommerce-api\\node_modules\\express\\lib\\router\\route.js:119:3)\n    at Layer.handle [as handle_request] (C:\\Users\\dell\\Desktop\\Ecommerce-app\\ecommerce-api\\node_modules\\express\\lib\\router\\layer.js:95:5)\n    at C:\\Users\\dell\\Desktop\\Ecommerce-app\\ecommerce-api\\node_modules\\express\\lib\\router\\index.js:284:15\n    at Function.process_params (C:\\Users\\dell\\Desktop\\Ecommerce-app\\ecommerce-api\\node_modules\\express\\lib\\router\\index.js:346:12)","timestamp":"2025-04-03T19:10:53.844Z"}
{"level":"error","message":"User not found for ID: undefined","timestamp":"2025-04-03T19:11:16.757Z"}
{"isOperational":true,"level":"error","message":"Token verification failed: User not found","stack":"Error: User not found\n    at protect (C:\\Users\\dell\\Desktop\\Ecommerce-app\\ecommerce-api\\src\\middlewares\\authMiddleware.js:30:23)\n    at process.processTicksAndRejections (node:internal/process/task_queues:105:5)","status":"fail","statusCode":401,"timestamp":"2025-04-03T19:11:16.759Z"}
{"level":"error","message":"User not found for ID: undefined","timestamp":"2025-04-03T19:11:22.575Z"}
{"isOperational":true,"level":"error","message":"Token verification failed: User not found","stack":"Error: User not found\n    at protect (C:\\Users\\dell\\Desktop\\Ecommerce-app\\ecommerce-api\\src\\middlewares\\authMiddleware.js:30:23)\n    at process.processTicksAndRejections (node:internal/process/task_queues:105:5)","status":"fail","statusCode":401,"timestamp":"2025-04-03T19:11:22.579Z"}
{"level":"error","message":"User not found for ID: undefined","timestamp":"2025-04-03T19:12:55.418Z"}
{"isOperational":true,"level":"error","message":"Token verification failed: User not found","stack":"Error: User not found\n    at protect (C:\\Users\\dell\\Desktop\\Ecommerce-app\\ecommerce-api\\src\\middlewares\\authMiddleware.js:30:23)\n    at process.processTicksAndRejections (node:internal/process/task_queues:105:5)","status":"fail","statusCode":401,"timestamp":"2025-04-03T19:12:55.420Z"}
{"level":"error","message":"User not found for ID: undefined","timestamp":"2025-04-03T19:12:58.193Z"}
{"isOperational":true,"level":"error","message":"Token verification failed: User not found","stack":"Error: User not found\n    at protect (C:\\Users\\dell\\Desktop\\Ecommerce-app\\ecommerce-api\\src\\middlewares\\authMiddleware.js:30:23)\n    at process.processTicksAndRejections (node:internal/process/task_queues:105:5)","status":"fail","statusCode":401,"timestamp":"2025-04-03T19:12:58.195Z"}
{"level":"error","message":"User not found for ID: undefined","timestamp":"2025-04-03T19:17:10.914Z"}
{"isOperational":true,"level":"error","message":"Token verification failed: User not found","stack":"Error: User not found\n    at protect (C:\\Users\\dell\\Desktop\\Ecommerce-app\\ecommerce-api\\src\\middlewares\\authMiddleware.js:30:23)\n    at process.processTicksAndRejections (node:internal/process/task_queues:105:5)","status":"fail","statusCode":401,"timestamp":"2025-04-03T19:17:10.917Z"}
{"level":"error","message":"Token verification failed: invalid signature","name":"JsonWebTokenError","stack":"JsonWebTokenError: invalid signature\n    at C:\\Users\\dell\\Desktop\\Ecommerce-app\\ecommerce-api\\node_modules\\jsonwebtoken\\verify.js:171:19\n    at getSecret (C:\\Users\\dell\\Desktop\\Ecommerce-app\\ecommerce-api\\node_modules\\jsonwebtoken\\verify.js:97:14)\n    at module.exports [as verify] (C:\\Users\\dell\\Desktop\\Ecommerce-app\\ecommerce-api\\node_modules\\jsonwebtoken\\verify.js:101:10)\n    at protect (C:\\Users\\dell\\Desktop\\Ecommerce-app\\ecommerce-api\\src\\middlewares\\authMiddleware.js:23:33)\n    at Layer.handle [as handle_request] (C:\\Users\\dell\\Desktop\\Ecommerce-app\\ecommerce-api\\node_modules\\express\\lib\\router\\layer.js:95:5)\n    at next (C:\\Users\\dell\\Desktop\\Ecommerce-app\\ecommerce-api\\node_modules\\express\\lib\\router\\route.js:149:13)\n    at Route.dispatch (C:\\Users\\dell\\Desktop\\Ecommerce-app\\ecommerce-api\\node_modules\\express\\lib\\router\\route.js:119:3)\n    at Layer.handle [as handle_request] (C:\\Users\\dell\\Desktop\\Ecommerce-app\\ecommerce-api\\node_modules\\express\\lib\\router\\layer.js:95:5)\n    at C:\\Users\\dell\\Desktop\\Ecommerce-app\\ecommerce-api\\node_modules\\express\\lib\\router\\index.js:284:15\n    at Function.process_params (C:\\Users\\dell\\Desktop\\Ecommerce-app\\ecommerce-api\\node_modules\\express\\lib\\router\\index.js:346:12)","timestamp":"2025-04-03T19:20:53.891Z"}
{"level":"error","message":"Token verification failed: invalid signature","name":"JsonWebTokenError","stack":"JsonWebTokenError: invalid signature\n    at C:\\Users\\dell\\Desktop\\Ecommerce-app\\ecommerce-api\\node_modules\\jsonwebtoken\\verify.js:171:19\n    at getSecret (C:\\Users\\dell\\Desktop\\Ecommerce-app\\ecommerce-api\\node_modules\\jsonwebtoken\\verify.js:97:14)\n    at module.exports [as verify] (C:\\Users\\dell\\Desktop\\Ecommerce-app\\ecommerce-api\\node_modules\\jsonwebtoken\\verify.js:101:10)\n    at protect (C:\\Users\\dell\\Desktop\\Ecommerce-app\\ecommerce-api\\src\\middlewares\\authMiddleware.js:23:33)\n    at Layer.handle [as handle_request] (C:\\Users\\dell\\Desktop\\Ecommerce-app\\ecommerce-api\\node_modules\\express\\lib\\router\\layer.js:95:5)\n    at trim_prefix (C:\\Users\\dell\\Desktop\\Ecommerce-app\\ecommerce-api\\node_modules\\express\\lib\\router\\index.js:328:13)\n    at C:\\Users\\dell\\Desktop\\Ecommerce-app\\ecommerce-api\\node_modules\\express\\lib\\router\\index.js:286:9\n    at Function.process_params (C:\\Users\\dell\\Desktop\\Ecommerce-app\\ecommerce-api\\node_modules\\express\\lib\\router\\index.js:346:12)\n    at next (C:\\Users\\dell\\Desktop\\Ecommerce-app\\ecommerce-api\\node_modules\\express\\lib\\router\\index.js:280:10)\n    at Function.handle (C:\\Users\\dell\\Desktop\\Ecommerce-app\\ecommerce-api\\node_modules\\express\\lib\\router\\index.js:175:3)","timestamp":"2025-04-03T19:22:22.856Z"}
{"level":"error","message":"No token provided in request","timestamp":"2025-04-03T19:44:03.443Z"}
{"level":"error","message":"No token provided in request","timestamp":"2025-04-03T20:38:54.101Z"}
{"level":"error","message":"No token provided in request","timestamp":"2025-04-03T20:42:42.450Z"}
{"level":"error","message":"User not found for ID: 67eedae6f7dce4ee9fcb6489","timestamp":"2025-04-03T20:43:20.194Z"}
{"isOperational":true,"level":"error","message":"Token verification failed: User not found","stack":"Error: User not found\n    at protect (C:\\Users\\dell\\Desktop\\Ecommerce-app\\ecommerce-api\\src\\middlewares\\authMiddleware.js:30:23)\n    at process.processTicksAndRejections (node:internal/process/task_queues:105:5)","status":"fail","statusCode":401,"timestamp":"2025-04-03T20:43:20.195Z"}
{"level":"error","message":"User not found for ID: 67eedae6f7dce4ee9fcb6489","timestamp":"2025-04-03T20:44:06.765Z"}
{"isOperational":true,"level":"error","message":"Token verification failed: User not found","stack":"Error: User not found\n    at protect (C:\\Users\\dell\\Desktop\\Ecommerce-app\\ecommerce-api\\src\\middlewares\\authMiddleware.js:30:23)\n    at process.processTicksAndRejections (node:internal/process/task_queues:105:5)","status":"fail","statusCode":401,"timestamp":"2025-04-03T20:44:06.766Z"}
{"level":"error","message":"User not found for ID: 67eedae6f7dce4ee9fcb6489","timestamp":"2025-04-03T20:46:52.092Z"}
{"isOperational":true,"level":"error","message":"Token verification failed: User not found","stack":"Error: User not found\n    at protect (C:\\Users\\dell\\Desktop\\Ecommerce-app\\ecommerce-api\\src\\middlewares\\authMiddleware.js:30:23)\n    at process.processTicksAndRejections (node:internal/process/task_queues:105:5)","status":"fail","statusCode":401,"timestamp":"2025-04-03T20:46:52.093Z"}
{"level":"error","message":"User not found for ID: 67eedae6f7dce4ee9fcb6489","timestamp":"2025-04-03T20:48:57.522Z"}
{"isOperational":true,"level":"error","message":"Token verification failed: User not found","stack":"Error: User not found\n    at protect (C:\\Users\\dell\\Desktop\\Ecommerce-app\\ecommerce-api\\src\\middlewares\\authMiddleware.js:30:23)\n    at process.processTicksAndRejections (node:internal/process/task_queues:105:5)","status":"fail","statusCode":401,"timestamp":"2025-04-03T20:48:57.523Z"}
{"level":"error","message":"No token provided in request","timestamp":"2025-04-03T21:02:01.882Z"}
{"level":"error","message":"No token provided in request","timestamp":"2025-04-04T16:45:21.176Z"}
{"level":"error","message":"No token provided in request","timestamp":"2025-04-04T16:45:27.708Z"}
{"level":"error","message":"No token provided in request","timestamp":"2025-04-04T16:45:40.096Z"}
{"level":"error","message":"No token provided in request","timestamp":"2025-04-08T21:43:47.214Z"}
{"level":"error","message":"No token provided in request","timestamp":"2025-04-09T21:18:32.302Z"}
{"level":"error","message":"No token provided in request","timestamp":"2025-04-17T18:03:54.528Z"}
{"level":"error","message":"No token provided in request","timestamp":"2025-04-17T18:35:57.432Z"}
{"level":"error","message":"Token verification failed: connect ETIMEDOUT 159.41.242.152:27017","reason":{"commonWireVersion":0,"compatible":true,"heartbeatFrequencyMS":10000,"localThresholdMS":15,"logicalSessionTimeoutMinutes":null,"maxElectionId":"7fffffff0000000000000280","maxSetVersion":265,"servers":{},"setName":"atlas-l3s41x-shard-0","stale":false,"type":"ReplicaSetNoPrimary"},"stack":"MongoServerSelectionError: connect ETIMEDOUT 159.41.242.152:27017\n    at Timeout._onTimeout (C:\\Users\\dell\\Desktop\\Ecommerce-app\\ecommerce-api\\node_modules\\mongodb\\lib\\sdam\\topology.js:278:38)\n    at listOnTimeout (node:internal/timers:594:17)\n    at process.processTimers (node:internal/timers:529:7)","timestamp":"2025-04-18T15:27:35.993Z"}
{"level":"error","message":"Token verification failed: connect ETIMEDOUT 159.41.242.152:27017","reason":{"commonWireVersion":0,"compatible":true,"heartbeatFrequencyMS":10000,"localThresholdMS":15,"logicalSessionTimeoutMinutes":null,"maxElectionId":"7fffffff0000000000000280","maxSetVersion":265,"servers":{},"setName":"atlas-l3s41x-shard-0","stale":false,"type":"ReplicaSetNoPrimary"},"stack":"MongoServerSelectionError: connect ETIMEDOUT 159.41.242.152:27017\n    at Timeout._onTimeout (C:\\Users\\dell\\Desktop\\Ecommerce-app\\ecommerce-api\\node_modules\\mongodb\\lib\\sdam\\topology.js:278:38)\n    at listOnTimeout (node:internal/timers:594:17)\n    at process.processTimers (node:internal/timers:529:7)","timestamp":"2025-04-18T15:28:04.941Z"}
{"level":"error","message":"Token verification failed: connect ETIMEDOUT 159.41.242.152:27017","reason":{"commonWireVersion":0,"compatible":true,"heartbeatFrequencyMS":10000,"localThresholdMS":15,"logicalSessionTimeoutMinutes":null,"maxElectionId":"7fffffff0000000000000280","maxSetVersion":265,"servers":{},"setName":"atlas-l3s41x-shard-0","stale":false,"type":"ReplicaSetNoPrimary"},"stack":"MongoServerSelectionError: connect ETIMEDOUT 159.41.242.152:27017\n    at Timeout._onTimeout (C:\\Users\\dell\\Desktop\\Ecommerce-app\\ecommerce-api\\node_modules\\mongodb\\lib\\sdam\\topology.js:278:38)\n    at listOnTimeout (node:internal/timers:594:17)\n    at process.processTimers (node:internal/timers:529:7)","timestamp":"2025-04-18T15:28:45.796Z"}
{"level":"error","message":"Token verification failed: connect ETIMEDOUT 159.41.242.152:27017","reason":{"commonWireVersion":0,"compatible":true,"heartbeatFrequencyMS":10000,"localThresholdMS":15,"logicalSessionTimeoutMinutes":null,"maxElectionId":"7fffffff0000000000000280","maxSetVersion":265,"servers":{},"setName":"atlas-l3s41x-shard-0","stale":false,"type":"ReplicaSetNoPrimary"},"stack":"MongoServerSelectionError: connect ETIMEDOUT 159.41.242.152:27017\n    at Timeout._onTimeout (C:\\Users\\dell\\Desktop\\Ecommerce-app\\ecommerce-api\\node_modules\\mongodb\\lib\\sdam\\topology.js:278:38)\n    at listOnTimeout (node:internal/timers:594:17)\n    at process.processTimers (node:internal/timers:529:7)","timestamp":"2025-04-18T15:29:19.865Z"}
{"level":"error","message":"No token provided in request","timestamp":"2025-04-18T17:35:58.266Z"}
{"level":"error","message":"No token provided in request","timestamp":"2025-04-18T17:50:54.228Z"}
{"level":"error","message":"No token provided in request","timestamp":"2025-05-03T14:23:17.342Z"}
{"level":"error","message":"No token provided in request","timestamp":"2025-05-03T14:23:57.238Z"}
{"level":"error","message":"No token provided in request","timestamp":"2025-05-07T13:08:47.204Z"}
{"level":"error","message":"No token provided in request","timestamp":"2025-05-07T13:08:52.277Z"}
{"level":"error","message":"Token verification failed: invalid signature","name":"JsonWebTokenError","stack":"JsonWebTokenError: invalid signature\n    at C:\\Users\\dell\\Desktop\\Ecommerce-app\\ecommerce-api\\node_modules\\jsonwebtoken\\verify.js:171:19\n    at getSecret (C:\\Users\\dell\\Desktop\\Ecommerce-app\\ecommerce-api\\node_modules\\jsonwebtoken\\verify.js:97:14)\n    at module.exports [as verify] (C:\\Users\\dell\\Desktop\\Ecommerce-app\\ecommerce-api\\node_modules\\jsonwebtoken\\verify.js:101:10)\n    at protect (C:\\Users\\dell\\Desktop\\Ecommerce-app\\ecommerce-api\\src\\middlewares\\authMiddleware.js:23:33)\n    at Layer.handle [as handle_request] (C:\\Users\\dell\\Desktop\\Ecommerce-app\\ecommerce-api\\node_modules\\express\\lib\\router\\layer.js:95:5)\n    at trim_prefix (C:\\Users\\dell\\Desktop\\Ecommerce-app\\ecommerce-api\\node_modules\\express\\lib\\router\\index.js:328:13)\n    at C:\\Users\\dell\\Desktop\\Ecommerce-app\\ecommerce-api\\node_modules\\express\\lib\\router\\index.js:286:9\n    at Function.process_params (C:\\Users\\dell\\Desktop\\Ecommerce-app\\ecommerce-api\\node_modules\\express\\lib\\router\\index.js:346:12)\n    at next (C:\\Users\\dell\\Desktop\\Ecommerce-app\\ecommerce-api\\node_modules\\express\\lib\\router\\index.js:280:10)\n    at Function.handle (C:\\Users\\dell\\Desktop\\Ecommerce-app\\ecommerce-api\\node_modules\\express\\lib\\router\\index.js:175:3)","timestamp":"2025-05-07T13:31:05.639Z"}
{"level":"error","message":"User account is deactivated: 67eeda6ff7dce4ee9fcb6483","timestamp":"2025-05-07T14:14:01.359Z"}
{"isOperational":true,"level":"error","message":"Token verification failed: User account is deactivated","stack":"Error: User account is deactivated\n    at protect (C:\\Users\\dell\\Desktop\\Ecommerce-app\\ecommerce-api\\src\\middlewares\\authMiddleware.js:36:23)\n    at process.processTicksAndRejections (node:internal/process/task_queues:105:5)","status":"fail","statusCode":401,"timestamp":"2025-05-07T14:14:01.383Z"}
{"level":"error","message":"User account is deactivated: 67eeda6ff7dce4ee9fcb6483","timestamp":"2025-05-07T14:14:01.496Z"}
{"isOperational":true,"level":"error","message":"Token verification failed: User account is deactivated","stack":"Error: User account is deactivated\n    at protect (C:\\Users\\dell\\Desktop\\Ecommerce-app\\ecommerce-api\\src\\middlewares\\authMiddleware.js:36:23)\n    at process.processTicksAndRejections (node:internal/process/task_queues:105:5)","status":"fail","statusCode":401,"timestamp":"2025-05-07T14:14:01.498Z"}
{"level":"error","message":"User account is deactivated: 67eeda6ff7dce4ee9fcb6483","timestamp":"2025-05-07T14:14:54.762Z"}
{"isOperational":true,"level":"error","message":"Token verification failed: User account is deactivated","stack":"Error: User account is deactivated\n    at protect (C:\\Users\\dell\\Desktop\\Ecommerce-app\\ecommerce-api\\src\\middlewares\\authMiddleware.js:36:23)\n    at process.processTicksAndRejections (node:internal/process/task_queues:105:5)","status":"fail","statusCode":401,"timestamp":"2025-05-07T14:14:54.764Z"}
{"level":"error","message":"User account is deactivated: 67eeda6ff7dce4ee9fcb6483","timestamp":"2025-05-07T14:14:55.434Z"}
{"isOperational":true,"level":"error","message":"Token verification failed: User account is deactivated","stack":"Error: User account is deactivated\n    at protect (C:\\Users\\dell\\Desktop\\Ecommerce-app\\ecommerce-api\\src\\middlewares\\authMiddleware.js:36:23)\n    at process.processTicksAndRejections (node:internal/process/task_queues:105:5)","status":"fail","statusCode":401,"timestamp":"2025-05-07T14:14:55.436Z"}
{"level":"error","message":"User account is deactivated: 67eeda6ff7dce4ee9fcb6483","timestamp":"2025-05-07T14:15:10.748Z"}
{"isOperational":true,"level":"error","message":"Token verification failed: User account is deactivated","stack":"Error: User account is deactivated\n    at protect (C:\\Users\\dell\\Desktop\\Ecommerce-app\\ecommerce-api\\src\\middlewares\\authMiddleware.js:36:23)\n    at process.processTicksAndRejections (node:internal/process/task_queues:105:5)","status":"fail","statusCode":401,"timestamp":"2025-05-07T14:15:10.749Z"}
{"level":"error","message":"User account is deactivated: 67eeda6ff7dce4ee9fcb6483","timestamp":"2025-05-07T14:21:16.735Z"}
{"isOperational":true,"level":"error","message":"Token verification failed: User account is deactivated","stack":"Error: User account is deactivated\n    at protect (C:\\Users\\dell\\Desktop\\Ecommerce-app\\ecommerce-api\\src\\middlewares\\authMiddleware.js:36:23)\n    at process.processTicksAndRejections (node:internal/process/task_queues:105:5)","status":"fail","statusCode":401,"timestamp":"2025-05-07T14:21:16.735Z"}
{"level":"error","message":"User account is deactivated: 67eeda6ff7dce4ee9fcb6483","timestamp":"2025-05-07T14:21:22.678Z"}
{"isOperational":true,"level":"error","message":"Token verification failed: User account is deactivated","stack":"Error: User account is deactivated\n    at protect (C:\\Users\\dell\\Desktop\\Ecommerce-app\\ecommerce-api\\src\\middlewares\\authMiddleware.js:36:23)\n    at process.processTicksAndRejections (node:internal/process/task_queues:105:5)","status":"fail","statusCode":401,"timestamp":"2025-05-07T14:21:22.679Z"}
{"level":"error","message":"User account is deactivated: 67eeda6ff7dce4ee9fcb6483","timestamp":"2025-05-07T14:21:36.796Z"}
{"isOperational":true,"level":"error","message":"Token verification failed: User account is deactivated","stack":"Error: User account is deactivated\n    at protect (C:\\Users\\dell\\Desktop\\Ecommerce-app\\ecommerce-api\\src\\middlewares\\authMiddleware.js:36:23)\n    at process.processTicksAndRejections (node:internal/process/task_queues:105:5)","status":"fail","statusCode":401,"timestamp":"2025-05-07T14:21:36.797Z"}
{"level":"error","message":"User account is deactivated: 67eeda6ff7dce4ee9fcb6483","timestamp":"2025-05-07T14:22:41.726Z"}
{"isOperational":true,"level":"error","message":"Token verification failed: User account is deactivated","stack":"Error: User account is deactivated\n    at protect (C:\\Users\\dell\\Desktop\\Ecommerce-app\\ecommerce-api\\src\\middlewares\\authMiddleware.js:36:23)\n    at process.processTicksAndRejections (node:internal/process/task_queues:105:5)","status":"fail","statusCode":401,"timestamp":"2025-05-07T14:22:41.728Z"}
{"level":"error","message":"User account is deactivated: 67eeda6ff7dce4ee9fcb6483","timestamp":"2025-05-07T14:24:39.120Z"}
{"isOperational":true,"level":"error","message":"Token verification failed: User account is deactivated","stack":"Error: User account is deactivated\n    at protect (C:\\Users\\dell\\Desktop\\Ecommerce-app\\ecommerce-api\\src\\middlewares\\authMiddleware.js:36:23)\n    at process.processTicksAndRejections (node:internal/process/task_queues:105:5)","status":"fail","statusCode":401,"timestamp":"2025-05-07T14:24:39.122Z"}
{"level":"error","message":"User account is deactivated: 67eeda6ff7dce4ee9fcb6483","timestamp":"2025-05-07T14:26:42.210Z"}
{"isOperational":true,"level":"error","message":"Token verification failed: User account is deactivated","stack":"Error: User account is deactivated\n    at protect (C:\\Users\\dell\\Desktop\\Ecommerce-app\\ecommerce-api\\src\\middlewares\\authMiddleware.js:36:23)\n    at process.processTicksAndRejections (node:internal/process/task_queues:105:5)","status":"fail","statusCode":401,"timestamp":"2025-05-07T14:26:42.211Z"}
{"level":"error","message":"User account is deactivated: 67eeda6ff7dce4ee9fcb6483","timestamp":"2025-05-07T14:26:46.244Z"}
{"isOperational":true,"level":"error","message":"Token verification failed: User account is deactivated","stack":"Error: User account is deactivated\n    at protect (C:\\Users\\dell\\Desktop\\Ecommerce-app\\ecommerce-api\\src\\middlewares\\authMiddleware.js:36:23)\n    at process.processTicksAndRejections (node:internal/process/task_queues:105:5)","status":"fail","statusCode":401,"timestamp":"2025-05-07T14:26:46.245Z"}
{"level":"error","message":"User account is deactivated: 67eeda6ff7dce4ee9fcb6483","timestamp":"2025-05-07T14:26:46.298Z"}
{"isOperational":true,"level":"error","message":"Token verification failed: User account is deactivated","stack":"Error: User account is deactivated\n    at protect (C:\\Users\\dell\\Desktop\\Ecommerce-app\\ecommerce-api\\src\\middlewares\\authMiddleware.js:36:23)\n    at process.processTicksAndRejections (node:internal/process/task_queues:105:5)","status":"fail","statusCode":401,"timestamp":"2025-05-07T14:26:46.300Z"}
{"level":"error","message":"No token provided in request","timestamp":"2025-05-22T19:42:27.910Z"}
{"level":"error","message":"No token provided in request","timestamp":"2025-05-22T19:42:28.172Z"}
{"level":"error","message":"No token provided in request","timestamp":"2025-05-22T19:49:40.404Z"}
{"level":"error","message":"No token provided in request","timestamp":"2025-05-22T19:49:42.225Z"}
{"level":"error","message":"No token provided in request","timestamp":"2025-05-22T19:49:44.130Z"}
{"level":"error","message":"No token provided in request","timestamp":"2025-05-22T19:49:44.460Z"}
{"level":"error","message":"No token provided in request","timestamp":"2025-05-22T19:49:51.850Z"}
{"level":"error","message":"No token provided in request","timestamp":"2025-05-22T19:50:13.120Z"}
{"level":"error","message":"No token provided in request","timestamp":"2025-05-22T20:02:51.128Z"}
{"level":"error","message":"No token provided in request","timestamp":"2025-05-22T20:05:57.100Z"}
{"level":"error","message":"No token provided in request","timestamp":"2025-05-22T20:05:57.114Z"}
{"level":"error","message":"No token provided in request","timestamp":"2025-05-22T20:05:59.464Z"}
{"level":"error","message":"No token provided in request","timestamp":"2025-05-22T20:05:59.472Z"}
{"level":"error","message":"No token provided in request","timestamp":"2025-05-22T20:06:06.680Z"}
{"level":"error","message":"No token provided in request","timestamp":"2025-05-22T20:06:06.688Z"}
{"level":"error","message":"No token provided in request","timestamp":"2025-05-22T20:08:45.144Z"}
{"level":"error","message":"No token provided in request","timestamp":"2025-05-22T20:08:45.151Z"}
{"level":"error","message":"No token provided in request","timestamp":"2025-05-22T20:09:01.494Z"}
{"level":"error","message":"No token provided in request","timestamp":"2025-05-22T20:09:03.362Z"}
{"level":"error","message":"No token provided in request","timestamp":"2025-05-22T20:09:03.366Z"}
{"level":"error","message":"No token provided in request","timestamp":"2025-05-22T20:12:41.820Z"}
{"level":"error","message":"No token provided in request","timestamp":"2025-05-22T20:12:44.923Z"}
{"level":"error","message":"No token provided in request","timestamp":"2025-05-22T20:12:44.935Z"}
{"level":"error","message":"No token provided in request","timestamp":"2025-05-22T20:12:47.443Z"}
{"level":"error","message":"No token provided in request","timestamp":"2025-05-22T20:12:47.449Z"}
{"level":"error","message":"No token provided in request","timestamp":"2025-05-22T20:14:12.518Z"}
{"level":"error","message":"No token provided in request","timestamp":"2025-05-22T20:14:12.972Z"}
{"level":"error","message":"No token provided in request","timestamp":"2025-05-22T20:14:14.538Z"}
{"level":"error","message":"No token provided in request","timestamp":"2025-05-22T20:14:16.740Z"}
{"level":"error","message":"No token provided in request","timestamp":"2025-05-22T20:14:16.746Z"}
{"level":"error","message":"No token provided in request","timestamp":"2025-05-22T20:14:19.054Z"}
{"level":"error","message":"No token provided in request","timestamp":"2025-05-22T20:14:19.061Z"}
{"level":"error","message":"No token provided in request","timestamp":"2025-05-22T20:14:23.822Z"}
{"level":"error","message":"No token provided in request","timestamp":"2025-05-22T20:14:23.907Z"}
{"level":"error","message":"No token provided in request","timestamp":"2025-05-22T21:14:09.116Z"}
{"level":"error","message":"No token provided in request","timestamp":"2025-05-22T21:19:01.589Z"}
{"level":"error","message":"No token provided in request","timestamp":"2025-05-22T22:30:39.862Z"}
{"level":"error","message":"No token provided in request","timestamp":"2025-05-22T22:30:39.869Z"}
{"level":"error","message":"No token provided in request","timestamp":"2025-05-22T22:40:17.721Z"}
{"level":"error","message":"No token provided in request","timestamp":"2025-05-22T22:40:17.729Z"}
{"level":"error","message":"No token provided in request","timestamp":"2025-05-22T22:41:47.856Z"}
{"level":"error","message":"No token provided in request","timestamp":"2025-05-22T22:41:48.091Z"}
{"level":"error","message":"No token provided in request","timestamp":"2025-05-22T22:42:02.851Z"}
{"level":"error","message":"No token provided in request","timestamp":"2025-05-22T22:42:02.863Z"}
{"level":"error","message":"Unauthorized access attempt by user 67eed3fcc94d1d297c09223d with role user","timestamp":"2025-05-23T18:37:49.558Z"}
{"expiredAt":"2025-05-09T21:02:00.000Z","level":"error","message":"Token verification failed: jwt expired","name":"TokenExpiredError","stack":"TokenExpiredError: jwt expired\n    at C:\\Users\\dell\\Desktop\\Ecommerce-app\\ecommerce-api\\node_modules\\jsonwebtoken\\verify.js:190:21\n    at getSecret (C:\\Users\\dell\\Desktop\\Ecommerce-app\\ecommerce-api\\node_modules\\jsonwebtoken\\verify.js:97:14)\n    at module.exports [as verify] (C:\\Users\\dell\\Desktop\\Ecommerce-app\\ecommerce-api\\node_modules\\jsonwebtoken\\verify.js:101:10)\n    at protect (C:\\Users\\dell\\Desktop\\Ecommerce-app\\ecommerce-api\\src\\middlewares\\authMiddleware.js:23:33)\n    at Layer.handle [as handle_request] (C:\\Users\\dell\\Desktop\\Ecommerce-app\\ecommerce-api\\node_modules\\express\\lib\\router\\layer.js:95:5)\n    at trim_prefix (C:\\Users\\dell\\Desktop\\Ecommerce-app\\ecommerce-api\\node_modules\\express\\lib\\router\\index.js:328:13)\n    at C:\\Users\\dell\\Desktop\\Ecommerce-app\\ecommerce-api\\node_modules\\express\\lib\\router\\index.js:286:9\n    at Function.process_params (C:\\Users\\dell\\Desktop\\Ecommerce-app\\ecommerce-api\\node_modules\\express\\lib\\router\\index.js:346:12)\n    at next (C:\\Users\\dell\\Desktop\\Ecommerce-app\\ecommerce-api\\node_modules\\express\\lib\\router\\index.js:280:10)\n    at Function.handle (C:\\Users\\dell\\Desktop\\Ecommerce-app\\ecommerce-api\\node_modules\\express\\lib\\router\\index.js:175:3)","timestamp":"2025-05-23T18:56:50.006Z"}
{"level":"error","message":"Unauthorized access attempt by user 67eed3fcc94d1d297c09223d with role user","timestamp":"2025-05-23T19:23:16.053Z"}
{"expiredAt":"2025-05-09T17:34:48.000Z","level":"error","message":"Token verification failed: jwt expired","name":"TokenExpiredError","stack":"TokenExpiredError: jwt expired\n    at C:\\Users\\dell\\Desktop\\Ecommerce-app\\ecommerce-api\\node_modules\\jsonwebtoken\\verify.js:190:21\n    at getSecret (C:\\Users\\dell\\Desktop\\Ecommerce-app\\ecommerce-api\\node_modules\\jsonwebtoken\\verify.js:97:14)\n    at module.exports [as verify] (C:\\Users\\dell\\Desktop\\Ecommerce-app\\ecommerce-api\\node_modules\\jsonwebtoken\\verify.js:101:10)\n    at protect (C:\\Users\\dell\\Desktop\\Ecommerce-app\\ecommerce-api\\src\\middlewares\\authMiddleware.js:23:33)\n    at Layer.handle [as handle_request] (C:\\Users\\dell\\Desktop\\Ecommerce-app\\ecommerce-api\\node_modules\\express\\lib\\router\\layer.js:95:5)\n    at trim_prefix (C:\\Users\\dell\\Desktop\\Ecommerce-app\\ecommerce-api\\node_modules\\express\\lib\\router\\index.js:328:13)\n    at C:\\Users\\dell\\Desktop\\Ecommerce-app\\ecommerce-api\\node_modules\\express\\lib\\router\\index.js:286:9\n    at Function.process_params (C:\\Users\\dell\\Desktop\\Ecommerce-app\\ecommerce-api\\node_modules\\express\\lib\\router\\index.js:346:12)\n    at next (C:\\Users\\dell\\Desktop\\Ecommerce-app\\ecommerce-api\\node_modules\\express\\lib\\router\\index.js:280:10)\n    at Function.handle (C:\\Users\\dell\\Desktop\\Ecommerce-app\\ecommerce-api\\node_modules\\express\\lib\\router\\index.js:175:3)","timestamp":"2025-05-24T13:15:53.974Z"}
{"level":"error","message":"No token provided in request","timestamp":"2025-05-25T19:39:23.577Z"}
{"level":"error","message":"No token provided in request","timestamp":"2025-05-25T21:35:46.970Z"}
{"level":"error","message":"No token provided in request","timestamp":"2025-05-25T21:35:46.981Z"}
{"level":"error","message":"Unauthorized access attempt by user 67eed3fcc94d1d297c09223d with role user","timestamp":"2025-05-25T21:36:51.099Z"}
{"level":"error","message":"Unauthorized access attempt by user 67eed3fcc94d1d297c09223d with role user","timestamp":"2025-05-25T21:36:51.160Z"}
{"level":"error","message":"Unauthorized access attempt by user 67eed3fcc94d1d297c09223d with role user","timestamp":"2025-05-25T21:40:26.673Z"}
{"level":"error","message":"Unauthorized access attempt by user 67eed3fcc94d1d297c09223d with role user","timestamp":"2025-05-25T21:40:27.155Z"}
{"level":"error","message":"Unauthorized access attempt by user 67eed3fcc94d1d297c09223d with role user","timestamp":"2025-05-26T21:34:35.287Z"}
{"expiredAt":"2025-05-17T18:37:45.000Z","level":"error","message":"Token verification failed: jwt expired","name":"TokenExpiredError","stack":"TokenExpiredError: jwt expired\n    at C:\\Users\\dell\\Desktop\\Ecommerce-app\\ecommerce-api\\node_modules\\jsonwebtoken\\verify.js:190:21\n    at getSecret (C:\\Users\\dell\\Desktop\\Ecommerce-app\\ecommerce-api\\node_modules\\jsonwebtoken\\verify.js:97:14)\n    at module.exports [as verify] (C:\\Users\\dell\\Desktop\\Ecommerce-app\\ecommerce-api\\node_modules\\jsonwebtoken\\verify.js:101:10)\n    at protect (C:\\Users\\dell\\Desktop\\Ecommerce-app\\ecommerce-api\\src\\middlewares\\authMiddleware.js:23:33)\n    at Layer.handle [as handle_request] (C:\\Users\\dell\\Desktop\\Ecommerce-app\\ecommerce-api\\node_modules\\express\\lib\\router\\layer.js:95:5)\n    at next (C:\\Users\\dell\\Desktop\\Ecommerce-app\\ecommerce-api\\node_modules\\express\\lib\\router\\route.js:149:13)\n    at Route.dispatch (C:\\Users\\dell\\Desktop\\Ecommerce-app\\ecommerce-api\\node_modules\\express\\lib\\router\\route.js:119:3)\n    at Layer.handle [as handle_request] (C:\\Users\\dell\\Desktop\\Ecommerce-app\\ecommerce-api\\node_modules\\express\\lib\\router\\layer.js:95:5)\n    at C:\\Users\\dell\\Desktop\\Ecommerce-app\\ecommerce-api\\node_modules\\express\\lib\\router\\index.js:284:15\n    at param (C:\\Users\\dell\\Desktop\\Ecommerce-app\\ecommerce-api\\node_modules\\express\\lib\\router\\index.js:365:14)","timestamp":"2025-05-27T18:54:00.336Z"}
{"level":"error","message":"No token provided in request","timestamp":"2025-05-28T20:59:50.061Z"}
{"level":"error","message":"No token provided in request","timestamp":"2025-05-28T21:01:48.290Z"}
{"level":"error","message":"No token provided in request","timestamp":"2025-05-28T21:03:13.482Z"}
{"level":"error","message":"No token provided in request","timestamp":"2025-05-28T21:53:02.657Z"}
{"level":"error","message":"Token verification failed: jwt malformed","name":"JsonWebTokenError","stack":"JsonWebTokenError: jwt malformed\n    at module.exports [as verify] (C:\\Users\\dell\\Desktop\\Ecommerce-app\\ecommerce-api\\node_modules\\jsonwebtoken\\verify.js:70:17)\n    at protect (C:\\Users\\dell\\Desktop\\Ecommerce-app\\ecommerce-api\\src\\middlewares\\authMiddleware.js:23:33)\n    at Layer.handle [as handle_request] (C:\\Users\\dell\\Desktop\\Ecommerce-app\\ecommerce-api\\node_modules\\express\\lib\\router\\layer.js:95:5)\n    at next (C:\\Users\\dell\\Desktop\\Ecommerce-app\\ecommerce-api\\node_modules\\express\\lib\\router\\route.js:149:13)\n    at Route.dispatch (C:\\Users\\dell\\Desktop\\Ecommerce-app\\ecommerce-api\\node_modules\\express\\lib\\router\\route.js:119:3)\n    at Layer.handle [as handle_request] (C:\\Users\\dell\\Desktop\\Ecommerce-app\\ecommerce-api\\node_modules\\express\\lib\\router\\layer.js:95:5)\n    at C:\\Users\\dell\\Desktop\\Ecommerce-app\\ecommerce-api\\node_modules\\express\\lib\\router\\index.js:284:15\n    at param (C:\\Users\\dell\\Desktop\\Ecommerce-app\\ecommerce-api\\node_modules\\express\\lib\\router\\index.js:365:14)\n    at param (C:\\Users\\dell\\Desktop\\Ecommerce-app\\ecommerce-api\\node_modules\\express\\lib\\router\\index.js:376:14)\n    at Function.process_params (C:\\Users\\dell\\Desktop\\Ecommerce-app\\ecommerce-api\\node_modules\\express\\lib\\router\\index.js:421:3)","timestamp":"2025-05-28T21:53:42.201Z"}
{"level":"error","message":"Token verification failed: jwt malformed","name":"JsonWebTokenError","stack":"JsonWebTokenError: jwt malformed\n    at module.exports [as verify] (C:\\Users\\dell\\Desktop\\Ecommerce-app\\ecommerce-api\\node_modules\\jsonwebtoken\\verify.js:70:17)\n    at protect (C:\\Users\\dell\\Desktop\\Ecommerce-app\\ecommerce-api\\src\\middlewares\\authMiddleware.js:23:33)\n    at Layer.handle [as handle_request] (C:\\Users\\dell\\Desktop\\Ecommerce-app\\ecommerce-api\\node_modules\\express\\lib\\router\\layer.js:95:5)\n    at next (C:\\Users\\dell\\Desktop\\Ecommerce-app\\ecommerce-api\\node_modules\\express\\lib\\router\\route.js:149:13)\n    at Route.dispatch (C:\\Users\\dell\\Desktop\\Ecommerce-app\\ecommerce-api\\node_modules\\express\\lib\\router\\route.js:119:3)\n    at Layer.handle [as handle_request] (C:\\Users\\dell\\Desktop\\Ecommerce-app\\ecommerce-api\\node_modules\\express\\lib\\router\\layer.js:95:5)\n    at C:\\Users\\dell\\Desktop\\Ecommerce-app\\ecommerce-api\\node_modules\\express\\lib\\router\\index.js:284:15\n    at param (C:\\Users\\dell\\Desktop\\Ecommerce-app\\ecommerce-api\\node_modules\\express\\lib\\router\\index.js:365:14)\n    at param (C:\\Users\\dell\\Desktop\\Ecommerce-app\\ecommerce-api\\node_modules\\express\\lib\\router\\index.js:376:14)\n    at Function.process_params (C:\\Users\\dell\\Desktop\\Ecommerce-app\\ecommerce-api\\node_modules\\express\\lib\\router\\index.js:421:3)","timestamp":"2025-05-28T21:54:06.933Z"}
{"level":"error","message":"Token verification failed: jwt malformed","name":"JsonWebTokenError","stack":"JsonWebTokenError: jwt malformed\n    at module.exports [as verify] (C:\\Users\\dell\\Desktop\\Ecommerce-app\\ecommerce-api\\node_modules\\jsonwebtoken\\verify.js:70:17)\n    at protect (C:\\Users\\dell\\Desktop\\Ecommerce-app\\ecommerce-api\\src\\middlewares\\authMiddleware.js:23:33)\n    at Layer.handle [as handle_request] (C:\\Users\\dell\\Desktop\\Ecommerce-app\\ecommerce-api\\node_modules\\express\\lib\\router\\layer.js:95:5)\n    at next (C:\\Users\\dell\\Desktop\\Ecommerce-app\\ecommerce-api\\node_modules\\express\\lib\\router\\route.js:149:13)\n    at Route.dispatch (C:\\Users\\dell\\Desktop\\Ecommerce-app\\ecommerce-api\\node_modules\\express\\lib\\router\\route.js:119:3)\n    at Layer.handle [as handle_request] (C:\\Users\\dell\\Desktop\\Ecommerce-app\\ecommerce-api\\node_modules\\express\\lib\\router\\layer.js:95:5)\n    at C:\\Users\\dell\\Desktop\\Ecommerce-app\\ecommerce-api\\node_modules\\express\\lib\\router\\index.js:284:15\n    at param (C:\\Users\\dell\\Desktop\\Ecommerce-app\\ecommerce-api\\node_modules\\express\\lib\\router\\index.js:365:14)\n    at param (C:\\Users\\dell\\Desktop\\Ecommerce-app\\ecommerce-api\\node_modules\\express\\lib\\router\\index.js:376:14)\n    at Function.process_params (C:\\Users\\dell\\Desktop\\Ecommerce-app\\ecommerce-api\\node_modules\\express\\lib\\router\\index.js:421:3)","timestamp":"2025-05-28T21:54:16.537Z"}
{"level":"error","message":"Token verification failed: jwt malformed","name":"JsonWebTokenError","stack":"JsonWebTokenError: jwt malformed\n    at module.exports [as verify] (C:\\Users\\dell\\Desktop\\Ecommerce-app\\ecommerce-api\\node_modules\\jsonwebtoken\\verify.js:70:17)\n    at protect (C:\\Users\\dell\\Desktop\\Ecommerce-app\\ecommerce-api\\src\\middlewares\\authMiddleware.js:23:33)\n    at Layer.handle [as handle_request] (C:\\Users\\dell\\Desktop\\Ecommerce-app\\ecommerce-api\\node_modules\\express\\lib\\router\\layer.js:95:5)\n    at next (C:\\Users\\dell\\Desktop\\Ecommerce-app\\ecommerce-api\\node_modules\\express\\lib\\router\\route.js:149:13)\n    at Route.dispatch (C:\\Users\\dell\\Desktop\\Ecommerce-app\\ecommerce-api\\node_modules\\express\\lib\\router\\route.js:119:3)\n    at Layer.handle [as handle_request] (C:\\Users\\dell\\Desktop\\Ecommerce-app\\ecommerce-api\\node_modules\\express\\lib\\router\\layer.js:95:5)\n    at C:\\Users\\dell\\Desktop\\Ecommerce-app\\ecommerce-api\\node_modules\\express\\lib\\router\\index.js:284:15\n    at param (C:\\Users\\dell\\Desktop\\Ecommerce-app\\ecommerce-api\\node_modules\\express\\lib\\router\\index.js:365:14)\n    at param (C:\\Users\\dell\\Desktop\\Ecommerce-app\\ecommerce-api\\node_modules\\express\\lib\\router\\index.js:376:14)\n    at Function.process_params (C:\\Users\\dell\\Desktop\\Ecommerce-app\\ecommerce-api\\node_modules\\express\\lib\\router\\index.js:421:3)","timestamp":"2025-05-28T21:54:23.856Z"}
{"level":"error","message":"Token verification failed: jwt malformed","name":"JsonWebTokenError","stack":"JsonWebTokenError: jwt malformed\n    at module.exports [as verify] (C:\\Users\\dell\\Desktop\\Ecommerce-app\\ecommerce-api\\node_modules\\jsonwebtoken\\verify.js:70:17)\n    at protect (C:\\Users\\dell\\Desktop\\Ecommerce-app\\ecommerce-api\\src\\middlewares\\authMiddleware.js:23:33)\n    at Layer.handle [as handle_request] (C:\\Users\\dell\\Desktop\\Ecommerce-app\\ecommerce-api\\node_modules\\express\\lib\\router\\layer.js:95:5)\n    at next (C:\\Users\\dell\\Desktop\\Ecommerce-app\\ecommerce-api\\node_modules\\express\\lib\\router\\route.js:149:13)\n    at Route.dispatch (C:\\Users\\dell\\Desktop\\Ecommerce-app\\ecommerce-api\\node_modules\\express\\lib\\router\\route.js:119:3)\n    at Layer.handle [as handle_request] (C:\\Users\\dell\\Desktop\\Ecommerce-app\\ecommerce-api\\node_modules\\express\\lib\\router\\layer.js:95:5)\n    at C:\\Users\\dell\\Desktop\\Ecommerce-app\\ecommerce-api\\node_modules\\express\\lib\\router\\index.js:284:15\n    at param (C:\\Users\\dell\\Desktop\\Ecommerce-app\\ecommerce-api\\node_modules\\express\\lib\\router\\index.js:365:14)\n    at param (C:\\Users\\dell\\Desktop\\Ecommerce-app\\ecommerce-api\\node_modules\\express\\lib\\router\\index.js:376:14)\n    at Function.process_params (C:\\Users\\dell\\Desktop\\Ecommerce-app\\ecommerce-api\\node_modules\\express\\lib\\router\\index.js:421:3)","timestamp":"2025-05-28T22:07:04.398Z"}
{"level":"error","message":"Token verification failed: jwt malformed","name":"JsonWebTokenError","stack":"JsonWebTokenError: jwt malformed\n    at module.exports [as verify] (C:\\Users\\dell\\Desktop\\Ecommerce-app\\ecommerce-api\\node_modules\\jsonwebtoken\\verify.js:70:17)\n    at protect (C:\\Users\\dell\\Desktop\\Ecommerce-app\\ecommerce-api\\src\\middlewares\\authMiddleware.js:23:33)\n    at Layer.handle [as handle_request] (C:\\Users\\dell\\Desktop\\Ecommerce-app\\ecommerce-api\\node_modules\\express\\lib\\router\\layer.js:95:5)\n    at next (C:\\Users\\dell\\Desktop\\Ecommerce-app\\ecommerce-api\\node_modules\\express\\lib\\router\\route.js:149:13)\n    at Route.dispatch (C:\\Users\\dell\\Desktop\\Ecommerce-app\\ecommerce-api\\node_modules\\express\\lib\\router\\route.js:119:3)\n    at Layer.handle [as handle_request] (C:\\Users\\dell\\Desktop\\Ecommerce-app\\ecommerce-api\\node_modules\\express\\lib\\router\\layer.js:95:5)\n    at C:\\Users\\dell\\Desktop\\Ecommerce-app\\ecommerce-api\\node_modules\\express\\lib\\router\\index.js:284:15\n    at param (C:\\Users\\dell\\Desktop\\Ecommerce-app\\ecommerce-api\\node_modules\\express\\lib\\router\\index.js:365:14)\n    at param (C:\\Users\\dell\\Desktop\\Ecommerce-app\\ecommerce-api\\node_modules\\express\\lib\\router\\index.js:376:14)\n    at Function.process_params (C:\\Users\\dell\\Desktop\\Ecommerce-app\\ecommerce-api\\node_modules\\express\\lib\\router\\index.js:421:3)","timestamp":"2025-05-28T22:07:33.596Z"}
{"address":"::1","code":"ESOCKET","command":"CONN","errno":-4078,"level":"error","message":"Error sending email: connect ECONNREFUSED ::1:587","port":587,"stack":"Error: connect ECONNREFUSED ::1:587\n    at TCPConnectWrap.afterConnect [as oncomplete] (node:net:1615:16)","syscall":"connect","timestamp":"2025-05-29T19:11:18.464Z"}
{"code":"EAUTH","command":"API","level":"error","message":"Error sending email: Missing credentials for \"PLAIN\"","stack":"Error: Missing credentials for \"PLAIN\"\n    at SMTPConnection._formatError (C:\\Users\\dell\\Desktop\\Ecommerce-app\\ecommerce-api\\node_modules\\nodemailer\\lib\\smtp-connection\\index.js:809:19)\n    at SMTPConnection.login (C:\\Users\\dell\\Desktop\\Ecommerce-app\\ecommerce-api\\node_modules\\nodemailer\\lib\\smtp-connection\\index.js:454:38)\n    at C:\\Users\\dell\\Desktop\\Ecommerce-app\\ecommerce-api\\node_modules\\nodemailer\\lib\\smtp-transport\\index.js:375:32\n    at SMTPConnection.<anonymous> (C:\\Users\\dell\\Desktop\\Ecommerce-app\\ecommerce-api\\node_modules\\nodemailer\\lib\\smtp-connection\\index.js:215:17)\n    at Object.onceWrapper (node:events:638:28)\n    at SMTPConnection.emit (node:events:524:28)\n    at SMTPConnection._actionEHLO (C:\\Users\\dell\\Desktop\\Ecommerce-app\\ecommerce-api\\node_modules\\nodemailer\\lib\\smtp-connection\\index.js:1371:14)\n    at SMTPConnection._processResponse (C:\\Users\\dell\\Desktop\\Ecommerce-app\\ecommerce-api\\node_modules\\nodemailer\\lib\\smtp-connection\\index.js:993:20)\n    at SMTPConnection._onData (C:\\Users\\dell\\Desktop\\Ecommerce-app\\ecommerce-api\\node_modules\\nodemailer\\lib\\smtp-connection\\index.js:774:14)\n    at SMTPConnection._onSocketData (C:\\Users\\dell\\Desktop\\Ecommerce-app\\ecommerce-api\\node_modules\\nodemailer\\lib\\smtp-connection\\index.js:195:44)","timestamp":"2025-05-29T19:20:14.781Z"}
{"address":"::1","code":"ESOCKET","command":"CONN","errno":-4078,"level":"error","message":"Error sending email: connect ECONNREFUSED ::1:587","port":587,"stack":"Error: connect ECONNREFUSED ::1:587\n    at TCPConnectWrap.afterConnect [as oncomplete] (node:net:1615:16)","syscall":"connect","timestamp":"2025-05-29T19:22:57.264Z"}
{"address":"::1","code":"ESOCKET","command":"CONN","errno":-4078,"level":"error","message":"Error sending email: connect ECONNREFUSED ::1:587","port":587,"stack":"Error: connect ECONNREFUSED ::1:587\n    at TCPConnectWrap.afterConnect [as oncomplete] (node:net:1615:16)","syscall":"connect","timestamp":"2025-05-29T19:23:28.735Z"}
{"address":"::1","code":"ESOCKET","command":"CONN","errno":-4078,"level":"error","message":"Error sending email: connect ECONNREFUSED ::1:587","port":587,"stack":"Error: connect ECONNREFUSED ::1:587\n    at TCPConnectWrap.afterConnect [as oncomplete] (node:net:1615:16)","syscall":"connect","timestamp":"2025-05-29T19:23:31.146Z"}
{"address":"::1","code":"ESOCKET","command":"CONN","errno":-4078,"level":"error","message":"Error sending email: connect ECONNREFUSED ::1:587","port":587,"stack":"Error: connect ECONNREFUSED ::1:587\n    at TCPConnectWrap.afterConnect [as oncomplete] (node:net:1615:16)","syscall":"connect","timestamp":"2025-05-29T19:31:52.644Z"}
